<?xml version="1.0" encoding="UTF-8"?>
<!-- Generated by org.testng.reporters.JUnitReportReporter -->
<testsuite hostname="LAPTOP-6UNA8P7R" failures="0" tests="2" name="org.TestNgProjects.testDemo2" time="0.128" errors="0" timestamp="2023-12-12T18:36:09 EST" skipped="0">
  <testcase classname="org.TestNgProjects.testDemo2" name="fourthTest" time="0.126"/>
  <testcase classname="org.TestNgProjects.testDemo2" name="thirdTest" time="0.002"/>
</testsuite> <!-- org.TestNgProjects.testDemo2 -->
