<?xml version="1.0" encoding="UTF-8"?>
<!-- Generated by org.testng.reporters.JUnitReportReporter -->
<testsuite hostname="LAPTOP-6UNA8P7R" failures="0" tests="8" name="org.TestNgProjects.testDemo3" time="0.063" errors="0" timestamp="2023-12-12T20:54:04 EST" skipped="1">
  <testcase classname="org.TestNgProjects.testDemo3" name="MobileloginCarLoan2" time="0.027"/>
  <testcase classname="org.TestNgProjects.testDemo3" name="WebloginCarLoan2" time="0.005"/>
  <testcase classname="org.TestNgProjects.testDemo3" name="LoginAPiCarLoan" time="0.004"/>
  <testcase classname="org.TestNgProjects.testDemo3" name="WebloginCarLoan2" time="0.007"/>
  <testcase classname="org.TestNgProjects.testDemo3" name="MobileloginCarLoan" time="0.003"/>
  <testcase classname="org.TestNgProjects.testDemo3" name="WebloginCarLoan2" time="0.004"/>
  <testcase classname="org.TestNgProjects.testDemo3" name="WebloginCarLoan" time="0.013"/>
  <testcase classname="org.TestNgProjects.testDemo3" name="MobileloginCarLoan3">
    <skipped/>
  </testcase> <!-- MobileloginCarLoan3 -->
</testsuite> <!-- org.TestNgProjects.testDemo3 -->
